Prompting For Whether to Push to GIT 
Answer was: y 
Copying Files in Dist to Docs 
E:\GitProjects\website-repo-3\aosiee.github.io\\dist\about-me-background-processed-high.ef75b1c8.jpg
E:\GitProjects\website-repo-3\aosiee.github.io\\dist\about-me.569b43ff.js
E:\GitProjects\website-repo-3\aosiee.github.io\\dist\about-me.569b43ff.js.map
E:\GitProjects\website-repo-3\aosiee.github.io\\dist\about-me.html
E:\GitProjects\website-repo-3\aosiee.github.io\\dist\angle-left-solid-white.84eb15de.svg
E:\GitProjects\website-repo-3\aosiee.github.io\\dist\angle-right-solid-white.0de62168.svg
E:\GitProjects\website-repo-3\aosiee.github.io\\dist\attack-patterns.2ce7ca6c.jpg
E:\GitProjects\website-repo-3\aosiee.github.io\\dist\audio-tool.b228ccc5.jpg
E:\GitProjects\website-repo-3\aosiee.github.io\\dist\bars-solid.c99e0c63.svg
E:\GitProjects\website-repo-3\aosiee.github.io\\dist\bootstrap.2ba9314d.css
E:\GitProjects\website-repo-3\aosiee.github.io\\dist\bootstrap.2ba9314d.css.map
E:\GitProjects\website-repo-3\aosiee.github.io\\dist\brass_token_icon.68d77d4f.jpg
E:\GitProjects\website-repo-3\aosiee.github.io\\dist\character-processed.2dea060f.jpg
E:\GitProjects\website-repo-3\aosiee.github.io\\dist\creatingGrid.0068d809.gif
E:\GitProjects\website-repo-3\aosiee.github.io\\dist\Creature.4557c6df.jpg
E:\GitProjects\website-repo-3\aosiee.github.io\\dist\favicon.5b8f2778.ico
E:\GitProjects\website-repo-3\aosiee.github.io\\dist\GridWorldPos.0e79fce7.gif
E:\GitProjects\website-repo-3\aosiee.github.io\\dist\index.710ccbcf.js
E:\GitProjects\website-repo-3\aosiee.github.io\\dist\index.710ccbcf.js.map
E:\GitProjects\website-repo-3\aosiee.github.io\\dist\index.befc1680.js
E:\GitProjects\website-repo-3\aosiee.github.io\\dist\index.befc1680.js.map
E:\GitProjects\website-repo-3\aosiee.github.io\\dist\index.d95f82a5.css
E:\GitProjects\website-repo-3\aosiee.github.io\\dist\index.d95f82a5.css.map
E:\GitProjects\website-repo-3\aosiee.github.io\\dist\index.html
E:\GitProjects\website-repo-3\aosiee.github.io\\dist\LD48.8c227386.png
E:\GitProjects\website-repo-3\aosiee.github.io\\dist\LD48.c80ad372.jpg
E:\GitProjects\website-repo-3\aosiee.github.io\\dist\level-editor-3.032a655e.jpg
E:\GitProjects\website-repo-3\aosiee.github.io\\dist\level-editor-4.5c87dc56.jpg
E:\GitProjects\website-repo-3\aosiee.github.io\\dist\linkedin-white.51ac079c.png
E:\GitProjects\website-repo-3\aosiee.github.io\\dist\linkedin.ef49aff7.png
E:\GitProjects\website-repo-3\aosiee.github.io\\dist\logo-black.052bdf1b.svg
E:\GitProjects\website-repo-3\aosiee.github.io\\dist\logo-white.fd40b920.svg
E:\GitProjects\website-repo-3\aosiee.github.io\\dist\magic-multi-pattern.f35dca1f.jpg
E:\GitProjects\website-repo-3\aosiee.github.io\\dist\magic-process.06ecbf3a.jpeg
E:\GitProjects\website-repo-3\aosiee.github.io\\dist\main-style.2762e464.css
E:\GitProjects\website-repo-3\aosiee.github.io\\dist\main-style.2762e464.css.map
E:\GitProjects\website-repo-3\aosiee.github.io\\dist\main.598412ff.css
E:\GitProjects\website-repo-3\aosiee.github.io\\dist\main.598412ff.css.map
E:\GitProjects\website-repo-3\aosiee.github.io\\dist\melee-process.b22301f3.jpeg
E:\GitProjects\website-repo-3\aosiee.github.io\\dist\multithreaded-astar.html
E:\GitProjects\website-repo-3\aosiee.github.io\\dist\original-concept-shift.b23fbecd.jpg
E:\GitProjects\website-repo-3\aosiee.github.io\\dist\PawnStress2-Poster.30d0fba5.png
E:\GitProjects\website-repo-3\aosiee.github.io\\dist\PawnStressTest2.e0f0a425.gif
E:\GitProjects\website-repo-3\aosiee.github.io\\dist\PawnStressTest2.f4bf8331.mp4
E:\GitProjects\website-repo-3\aosiee.github.io\\dist\PawnStressTest3.c9c8690b.gif
E:\GitProjects\website-repo-3\aosiee.github.io\\dist\PawnStressTest4.b7a8ff2d.gif
E:\GitProjects\website-repo-3\aosiee.github.io\\dist\projects.9714d30a.js
E:\GitProjects\website-repo-3\aosiee.github.io\\dist\projects.9714d30a.js.map
E:\GitProjects\website-repo-3\aosiee.github.io\\dist\projects.a78490f0.js
E:\GitProjects\website-repo-3\aosiee.github.io\\dist\projects.a78490f0.js.map
E:\GitProjects\website-repo-3\aosiee.github.io\\dist\projects.eee8ad64.js
E:\GitProjects\website-repo-3\aosiee.github.io\\dist\projects.eee8ad64.js.map
E:\GitProjects\website-repo-3\aosiee.github.io\\dist\projects.html
E:\GitProjects\website-repo-3\aosiee.github.io\\dist\qfv-ai.html
E:\GitProjects\website-repo-3\aosiee.github.io\\dist\QFV-Greathall.91a9707b.jpg
E:\GitProjects\website-repo-3\aosiee.github.io\\dist\QFV-WaterCave.27632370.png
E:\GitProjects\website-repo-3\aosiee.github.io\\dist\ranged-attack.55fb4faf.jpg
E:\GitProjects\website-repo-3\aosiee.github.io\\dist\ranged-process.5324c1a5.jpeg
E:\GitProjects\website-repo-3\aosiee.github.io\\dist\self-image-2-grayscale.6e96425d.jpg
E:\GitProjects\website-repo-3\aosiee.github.io\\dist\Shift-Characters.19b75195.jpg
E:\GitProjects\website-repo-3\aosiee.github.io\\dist\shift-thumbnail.8ee5a5b4.jpg
E:\GitProjects\website-repo-3\aosiee.github.io\\dist\shift.html
E:\GitProjects\website-repo-3\aosiee.github.io\\dist\the-chant.d1847638.jpg
E:\GitProjects\website-repo-3\aosiee.github.io\\dist\the-chant.html
E:\GitProjects\website-repo-3\aosiee.github.io\\dist\TheChant-MP4.acb9a8ec.mp4
E:\GitProjects\website-repo-3\aosiee.github.io\\dist\TheChant.03849433.avifs
E:\GitProjects\website-repo-3\aosiee.github.io\\dist\town-one-high.a0b71b5d.jpg
E:\GitProjects\website-repo-3\aosiee.github.io\\dist\Tree.96a2cca2.jpg
E:\GitProjects\website-repo-3\aosiee.github.io\\dist\VFS-Logo.7032486d.svg
E:\GitProjects\website-repo-3\aosiee.github.io\\dist\wwise.c877724b.jpg
70 File(s) copied
Here Goes the Git Push 
Completed Bat File, Ending 
